<?xml version="1.0" encoding="UTF-8"?>
<!-- Generated by org.testng.reporters.JUnitReportReporter -->
<testsuite name="seleniumTestsNG.Sew" tests="1" time="8.665" ignored="0" failures="0" timestamp="02 Mar 2017 02:03:13 GMT" skipped="0" hostname="Harry" errors="0">
  <testcase name="verifyTitle" time="8.665" classname="seleniumTestsNG.Sew"/>
</testsuite> <!-- seleniumTestsNG.Sew -->
